# JRE version: OpenJDK Runtime Environment (8.0_242-b01) (build 1.8.0_242-release-1644-b01)
# Java VM: OpenJDK 64-Bit Server VM (25.242-b01 mixed mode windows-amd64 compressed oops)
Heap:
 PSYoungGen      total 441344K, used 72631K [0x00000000d5580000, 0x00000000f6e00000, 0x0000000100000000)
  eden space 368640K, 0% used [0x00000000d5580000,0x00000000d56f5e38,0x00000000ebd80000)
  from space 72704K, 97% used [0x00000000f0f80000,0x00000000f54f8138,0x00000000f5680000)
  to   space 83968K, 0% used [0x00000000ebd80000,0x00000000ebd80000,0x00000000f0f80000)
 ParOldGen       total 333824K, used 196677K [0x0000000080000000, 0x0000000094600000, 0x00000000d5580000)
  object space 333824K, 58% used [0x0000000080000000,0x000000008c0116e8,0x0000000094600000)
 Metaspace       used 108902K, capacity 114278K, committed 114456K, reserved 1148928K
  class space    used 14856K, capacity 15868K, committed 15920K, reserved 1048576K
GC Heap History (10 events):
Event: 160.092 GC heap before
{Heap before GC invocations=18 (full 4):
 PSYoungGen      total 297984K, used 13962K [0x00000000d5580000, 0x00000000e9c00000, 0x0000000100000000)
  eden space 266752K, 0% used [0x00000000d5580000,0x00000000d5580000,0x00000000e5a00000)
  from space 31232K, 44% used [0x00000000e7700000,0x00000000e84a2bb8,0x00000000e9580000)
  to   space 29696K, 0% used [0x00000000e5a00000,0x00000000e5a00000,0x00000000e7700000)
 ParOldGen       total 218624K, used 80998K [0x0000000080000000, 0x000000008d580000, 0x00000000d5580000)
  object space 218624K, 37% used [0x0000000080000000,0x0000000084f19860,0x000000008d580000)
 Metaspace       used 94183K, capacity 98406K, committed 98584K, reserved 1134592K
  class space    used 12718K, capacity 13500K, committed 13616K, reserved 1048576K
Event: 160.406 GC heap after
Heap after GC invocations=18 (full 4):
 PSYoungGen      total 297984K, used 0K [0x00000000d5580000, 0x00000000e9c00000, 0x0000000100000000)
  eden space 266752K, 0% used [0x00000000d5580000,0x00000000d5580000,0x00000000e5a00000)
  from space 31232K, 0% used [0x00000000e7700000,0x00000000e7700000,0x00000000e9580000)
  to   space 29696K, 0% used [0x00000000e5a00000,0x00000000e5a00000,0x00000000e7700000)
 ParOldGen       total 333824K, used 70438K [0x0000000080000000, 0x0000000094600000, 0x00000000d5580000)
  object space 333824K, 21% used [0x0000000080000000,0x00000000844c9998,0x0000000094600000)
 Metaspace       used 93973K, capacity 97786K, committed 98584K, reserved 1134592K
  class space    used 12651K, capacity 13382K, committed 13616K, reserved 1048576K
}
Event: 171.112 GC heap before
{Heap before GC invocations=19 (full 4):
 PSYoungGen      total 297984K, used 266752K [0x00000000d5580000, 0x00000000e9c00000, 0x0000000100000000)
  eden space 266752K, 100% used [0x00000000d5580000,0x00000000e5a00000,0x00000000e5a00000)
  from space 31232K, 0% used [0x00000000e7700000,0x00000000e7700000,0x00000000e9580000)
  to   space 29696K, 0% used [0x00000000e5a00000,0x00000000e5a00000,0x00000000e7700000)
 ParOldGen       total 333824K, used 70438K [0x0000000080000000, 0x0000000094600000, 0x00000000d5580000)
  object space 333824K, 21% used [0x0000000080000000,0x00000000844c9998,0x0000000094600000)
 Metaspace       used 97897K, capacity 101850K, committed 102168K, reserved 1136640K
  class space    used 13233K, capacity 13978K, committed 14128K, reserved 1048576K
Event: 171.132 GC heap after
Heap after GC invocations=19 (full 4):
 PSYoungGen      total 296448K, used 21608K [0x00000000d5580000, 0x00000000ec780000, 0x0000000100000000)
  eden space 266752K, 0% used [0x00000000d5580000,0x00000000d5580000,0x00000000e5a00000)
  from space 29696K, 72% used [0x00000000e5a00000,0x00000000e6f1a198,0x00000000e7700000)
  to   space 30720K, 0% used [0x00000000ea980000,0x00000000ea980000,0x00000000ec780000)
 ParOldGen       total 333824K, used 70446K [0x0000000080000000, 0x0000000094600000, 0x00000000d5580000)
  object space 333824K, 21% used [0x0000000080000000,0x00000000844cb998,0x0000000094600000)
 Metaspace       used 97897K, capacity 101850K, committed 102168K, reserved 1136640K
  class space    used 13233K, capacity 13978K, committed 14128K, reserved 1048576K
}
Event: 171.629 GC heap before
{Heap before GC invocations=20 (full 4):
 PSYoungGen      total 296448K, used 288360K [0x00000000d5580000, 0x00000000ec780000, 0x0000000100000000)
  eden space 266752K, 100% used [0x00000000d5580000,0x00000000e5a00000,0x00000000e5a00000)
  from space 29696K, 72% used [0x00000000e5a00000,0x00000000e6f1a198,0x00000000e7700000)
  to   space 30720K, 0% used [0x00000000ea980000,0x00000000ea980000,0x00000000ec780000)
 ParOldGen       total 333824K, used 70450K [0x0000000080000000, 0x0000000094600000, 0x00000000d5580000)
  object space 333824K, 21% used [0x0000000080000000,0x00000000844cc9a8,0x0000000094600000)
 Metaspace       used 98481K, capacity 102508K, committed 102936K, reserved 1138688K
  class space    used 13286K, capacity 14019K, committed 14128K, reserved 1048576K
Event: 171.674 GC heap after
Heap after GC invocations=20 (full 4):
 PSYoungGen      total 336896K, used 30712K [0x00000000d5580000, 0x00000000f0380000, 0x0000000100000000)
  eden space 306176K, 0% used [0x00000000d5580000,0x00000000d5580000,0x00000000e8080000)
  from space 30720K, 99% used [0x00000000ea980000,0x00000000ec77e0c8,0x00000000ec780000)
  to   space 41984K, 0% used [0x00000000e8080000,0x00000000e8080000,0x00000000ea980000)
 ParOldGen       total 333824K, used 89420K [0x0000000080000000, 0x0000000094600000, 0x00000000d5580000)
  object space 333824K, 26% used [0x0000000080000000,0x0000000085753270,0x0000000094600000)
 Metaspace       used 98481K, capacity 102508K, committed 102936K, reserved 1138688K
  class space    used 13286K, capacity 14019K, committed 14128K, reserved 1048576K
}
Event: 174.034 GC heap before
{Heap before GC invocations=21 (full 4):
 PSYoungGen      total 336896K, used 336888K [0x00000000d5580000, 0x00000000f0380000, 0x0000000100000000)
  eden space 306176K, 100% used [0x00000000d5580000,0x00000000e8080000,0x00000000e8080000)
  from space 30720K, 99% used [0x00000000ea980000,0x00000000ec77e0c8,0x00000000ec780000)
  to   space 41984K, 0% used [0x00000000e8080000,0x00000000e8080000,0x00000000ea980000)
 ParOldGen       total 333824K, used 89423K [0x0000000080000000, 0x0000000094600000, 0x00000000d5580000)
  object space 333824K, 26% used [0x0000000080000000,0x0000000085753de0,0x0000000094600000)
 Metaspace       used 108296K, capacity 113634K, committed 113944K, reserved 1146880K
  class space    used 14845K, capacity 15822K, committed 15920K, reserved 1048576K
Event: 174.156 GC heap after
Heap after GC invocations=21 (full 4):
 PSYoungGen      total 348160K, used 41966K [0x00000000d5580000, 0x00000000f5680000, 0x0000000100000000)
  eden space 306176K, 0% used [0x00000000d5580000,0x00000000d5580000,0x00000000e8080000)
  from space 41984K, 99% used [0x00000000e8080000,0x00000000ea97bbe0,0x00000000ea980000)
  to   space 72704K, 0% used [0x00000000f0f80000,0x00000000f0f80000,0x00000000f5680000)
 ParOldGen       total 333824K, used 155205K [0x0000000080000000, 0x0000000094600000, 0x00000000d5580000)
  object space 333824K, 46% used [0x0000000080000000,0x0000000089791448,0x0000000094600000)
 Metaspace       used 108296K, capacity 113634K, committed 113944K, reserved 1146880K
  class space    used 14845K, capacity 15822K, committed 15920K, reserved 1048576K
}
Event: 176.701 GC heap before
{Heap before GC invocations=22 (full 4):
 PSYoungGen      total 348160K, used 348142K [0x00000000d5580000, 0x00000000f5680000, 0x0000000100000000)
  eden space 306176K, 100% used [0x00000000d5580000,0x00000000e8080000,0x00000000e8080000)
  from space 41984K, 99% used [0x00000000e8080000,0x00000000ea97bbe0,0x00000000ea980000)
  to   space 72704K, 0% used [0x00000000f0f80000,0x00000000f0f80000,0x00000000f5680000)
 ParOldGen       total 333824K, used 155205K [0x0000000080000000, 0x0000000094600000, 0x00000000d5580000)
  object space 333824K, 46% used [0x0000000080000000,0x0000000089791448,0x0000000094600000)
 Metaspace       used 108902K, capacity 114278K, committed 114456K, reserved 1148928K
  class space    used 14856K, capacity 15868K, committed 15920K, reserved 1048576K
Event: 176.810 GC heap after
Heap after GC invocations=22 (full 4):
 PSYoungGen      total 441344K, used 71136K [0x00000000d5580000, 0x00000000f6e00000, 0x0000000100000000)
  eden space 368640K, 0% used [0x00000000d5580000,0x00000000d5580000,0x00000000ebd80000)
  from space 72704K, 97% used [0x00000000f0f80000,0x00000000f54f8138,0x00000000f5680000)
  to   space 83968K, 0% used [0x00000000ebd80000,0x00000000ebd80000,0x00000000f0f80000)
 ParOldGen       total 333824K, used 196677K [0x0000000080000000, 0x0000000094600000, 0x00000000d5580000)
  object space 333824K, 58% used [0x0000000080000000,0x000000008c0116e8,0x0000000094600000)
 Metaspace       used 108902K, capacity 114278K, committed 114456K, reserved 1148928K
  class space    used 14856K, capacity 15868K, committed 15920K, reserved 1048576K
}

