# JRE version: OpenJDK Runtime Environment (8.0_242-b01) (build 1.8.0_242-release-1644-b01)
# Java VM: OpenJDK 64-Bit Server VM (25.242-b01 mixed mode windows-amd64 compressed oops)
Heap:
 PSYoungGen      total 533504K, used 263527K [0x00000000d5580000, 0x00000000fca00000, 0x0000000100000000)
  eden space 500224K, 46% used [0x00000000d5580000,0x00000000e36d8d70,0x00000000f3e00000)
  from space 33280K, 98% used [0x00000000f4f00000,0x00000000f6f01048,0x00000000f6f80000)
  to   space 71680K, 0% used [0x00000000f8400000,0x00000000f8400000,0x00000000fca00000)
 ParOldGen       total 464384K, used 52687K [0x0000000080000000, 0x000000009c580000, 0x00000000d5580000)
  object space 464384K, 11% used [0x0000000080000000,0x0000000083373ee8,0x000000009c580000)
 Metaspace       used 109409K, capacity 116344K, committed 116504K, reserved 1150976K
  class space    used 14123K, capacity 15271K, committed 15392K, reserved 1048576K
GC Heap History (10 events):
Event: 530.466 GC heap before
{Heap before GC invocations=20 (full 4):
 PSYoungGen      total 579072K, used 537392K [0x00000000d5580000, 0x0000000100000000, 0x0000000100000000)
  eden space 498176K, 99% used [0x00000000d5580000,0x00000000f3b09fb8,0x00000000f3c00000)
  from space 80896K, 49% used [0x00000000f3c00000,0x00000000f6342108,0x00000000f8b00000)
  to   space 78848K, 0% used [0x00000000fb300000,0x00000000fb300000,0x0000000100000000)
 ParOldGen       total 464384K, used 180385K [0x0000000080000000, 0x000000009c580000, 0x00000000d5580000)
  object space 464384K, 38% used [0x0000000080000000,0x000000008b028440,0x000000009c580000)
 Metaspace       used 97316K, capacity 103234K, committed 103320K, reserved 1138688K
  class space    used 12849K, capacity 13914K, committed 13984K, reserved 1048576K
Event: 530.507 GC heap after
Heap after GC invocations=20 (full 4):
 PSYoungGen      total 614912K, used 53388K [0x00000000d5580000, 0x0000000100000000, 0x0000000100000000)
  eden space 536064K, 0% used [0x00000000d5580000,0x00000000d5580000,0x00000000f6100000)
  from space 78848K, 67% used [0x00000000fb300000,0x00000000fe723360,0x0000000100000000)
  to   space 81408K, 0% used [0x00000000f6100000,0x00000000f6100000,0x00000000fb080000)
 ParOldGen       total 464384K, used 180393K [0x0000000080000000, 0x000000009c580000, 0x00000000d5580000)
  object space 464384K, 38% used [0x0000000080000000,0x000000008b02a440,0x000000009c580000)
 Metaspace       used 97316K, capacity 103234K, committed 103320K, reserved 1138688K
  class space    used 12849K, capacity 13914K, committed 13984K, reserved 1048576K
}
Event: 3636.661 GC heap before
{Heap before GC invocations=21 (full 4):
 PSYoungGen      total 614912K, used 463915K [0x00000000d5580000, 0x0000000100000000, 0x0000000100000000)
  eden space 536064K, 76% used [0x00000000d5580000,0x00000000ee667a68,0x00000000f6100000)
  from space 78848K, 67% used [0x00000000fb300000,0x00000000fe723360,0x0000000100000000)
  to   space 81408K, 0% used [0x00000000f6100000,0x00000000f6100000,0x00000000fb080000)
 ParOldGen       total 464384K, used 180393K [0x0000000080000000, 0x000000009c580000, 0x00000000d5580000)
  object space 464384K, 38% used [0x0000000080000000,0x000000008b02a440,0x000000009c580000)
 Metaspace       used 98138K, capacity 104400K, committed 104472K, reserved 1140736K
  class space    used 12912K, capacity 14049K, committed 14112K, reserved 1048576K
Event: 3636.745 GC heap after
Heap after GC invocations=21 (full 4):
 PSYoungGen      total 568832K, used 32758K [0x00000000d5580000, 0x00000000ffb00000, 0x0000000100000000)
  eden space 536064K, 0% used [0x00000000d5580000,0x00000000d5580000,0x00000000f6100000)
  from space 32768K, 99% used [0x00000000f6100000,0x00000000f80fd948,0x00000000f8100000)
  to   space 77312K, 0% used [0x00000000faf80000,0x00000000faf80000,0x00000000ffb00000)
 ParOldGen       total 464384K, used 180401K [0x0000000080000000, 0x000000009c580000, 0x00000000d5580000)
  object space 464384K, 38% used [0x0000000080000000,0x000000008b02c440,0x000000009c580000)
 Metaspace       used 98138K, capacity 104400K, committed 104472K, reserved 1140736K
  class space    used 12912K, capacity 14049K, committed 14112K, reserved 1048576K
}
Event: 3636.745 GC heap before
{Heap before GC invocations=22 (full 5):
 PSYoungGen      total 568832K, used 32758K [0x00000000d5580000, 0x00000000ffb00000, 0x0000000100000000)
  eden space 536064K, 0% used [0x00000000d5580000,0x00000000d5580000,0x00000000f6100000)
  from space 32768K, 99% used [0x00000000f6100000,0x00000000f80fd948,0x00000000f8100000)
  to   space 77312K, 0% used [0x00000000faf80000,0x00000000faf80000,0x00000000ffb00000)
 ParOldGen       total 464384K, used 180401K [0x0000000080000000, 0x000000009c580000, 0x00000000d5580000)
  object space 464384K, 38% used [0x0000000080000000,0x000000008b02c440,0x000000009c580000)
 Metaspace       used 98138K, capacity 104400K, committed 104472K, reserved 1140736K
  class space    used 12912K, capacity 14049K, committed 14112K, reserved 1048576K
Event: 3637.085 GC heap after
Heap after GC invocations=22 (full 5):
 PSYoungGen      total 568832K, used 0K [0x00000000d5580000, 0x00000000ffb00000, 0x0000000100000000)
  eden space 536064K, 0% used [0x00000000d5580000,0x00000000d5580000,0x00000000f6100000)
  from space 32768K, 0% used [0x00000000f6100000,0x00000000f6100000,0x00000000f8100000)
  to   space 77312K, 0% used [0x00000000faf80000,0x00000000faf80000,0x00000000ffb00000)
 ParOldGen       total 464384K, used 52671K [0x0000000080000000, 0x000000009c580000, 0x00000000d5580000)
  object space 464384K, 11% used [0x0000000080000000,0x000000008336fee8,0x000000009c580000)
 Metaspace       used 96838K, capacity 101836K, committed 104472K, reserved 1140736K
  class space    used 12640K, capacity 13550K, committed 14112K, reserved 1048576K
}
Event: 4712.137 GC heap before
{Heap before GC invocations=23 (full 5):
 PSYoungGen      total 568832K, used 536064K [0x00000000d5580000, 0x00000000ffb00000, 0x0000000100000000)
  eden space 536064K, 100% used [0x00000000d5580000,0x00000000f6100000,0x00000000f6100000)
  from space 32768K, 0% used [0x00000000f6100000,0x00000000f6100000,0x00000000f8100000)
  to   space 77312K, 0% used [0x00000000faf80000,0x00000000faf80000,0x00000000ffb00000)
 ParOldGen       total 464384K, used 52671K [0x0000000080000000, 0x000000009c580000, 0x00000000d5580000)
  object space 464384K, 11% used [0x0000000080000000,0x000000008336fee8,0x000000009c580000)
 Metaspace       used 101400K, capacity 106874K, committed 108696K, reserved 1142784K
  class space    used 13180K, capacity 14150K, committed 14496K, reserved 1048576K
Event: 4712.189 GC heap after
Heap after GC invocations=23 (full 5):
 PSYoungGen      total 569344K, used 23797K [0x00000000d5580000, 0x00000000fe200000, 0x0000000100000000)
  eden space 517632K, 0% used [0x00000000d5580000,0x00000000d5580000,0x00000000f4f00000)
  from space 51712K, 46% used [0x00000000faf80000,0x00000000fc6bd6d0,0x00000000fe200000)
  to   space 75264K, 0% used [0x00000000f4f00000,0x00000000f4f00000,0x00000000f9880000)
 ParOldGen       total 464384K, used 52679K [0x0000000080000000, 0x000000009c580000, 0x00000000d5580000)
  object space 464384K, 11% used [0x0000000080000000,0x0000000083371ee8,0x000000009c580000)
 Metaspace       used 101400K, capacity 106874K, committed 108696K, reserved 1142784K
  class space    used 13180K, capacity 14150K, committed 14496K, reserved 1048576K
}
Event: 4744.728 GC heap before
{Heap before GC invocations=24 (full 5):
 PSYoungGen      total 569344K, used 541429K [0x00000000d5580000, 0x00000000fe200000, 0x0000000100000000)
  eden space 517632K, 100% used [0x00000000d5580000,0x00000000f4f00000,0x00000000f4f00000)
  from space 51712K, 46% used [0x00000000faf80000,0x00000000fc6bd6d0,0x00000000fe200000)
  to   space 75264K, 0% used [0x00000000f4f00000,0x00000000f4f00000,0x00000000f9880000)
 ParOldGen       total 464384K, used 52679K [0x0000000080000000, 0x000000009c580000, 0x00000000d5580000)
  object space 464384K, 11% used [0x0000000080000000,0x0000000083371ee8,0x000000009c580000)
 Metaspace       used 109002K, capacity 115616K, committed 115864K, reserved 1150976K
  class space    used 14082K, capacity 15195K, committed 15264K, reserved 1048576K
Event: 4744.778 GC heap after
Heap after GC invocations=24 (full 5):
 PSYoungGen      total 533504K, used 32772K [0x00000000d5580000, 0x00000000fca00000, 0x0000000100000000)
  eden space 500224K, 0% used [0x00000000d5580000,0x00000000d5580000,0x00000000f3e00000)
  from space 33280K, 98% used [0x00000000f4f00000,0x00000000f6f01048,0x00000000f6f80000)
  to   space 71680K, 0% used [0x00000000f8400000,0x00000000f8400000,0x00000000fca00000)
 ParOldGen       total 464384K, used 52687K [0x0000000080000000, 0x000000009c580000, 0x00000000d5580000)
  object space 464384K, 11% used [0x0000000080000000,0x0000000083373ee8,0x000000009c580000)
 Metaspace       used 109002K, capacity 115616K, committed 115864K, reserved 1150976K
  class space    used 14082K, capacity 15195K, committed 15264K, reserved 1048576K
}

