# JRE version: OpenJDK Runtime Environment (8.0_242-b01) (build 1.8.0_242-release-1644-b01)
# Java VM: OpenJDK 64-Bit Server VM (25.242-b01 mixed mode windows-amd64 compressed oops)
Heap:
 PSYoungGen      total 220672K, used 18754K [0x00000000d5580000, 0x00000000e9f00000, 0x0000000100000000)
  eden space 205312K, 1% used [0x00000000d5580000,0x00000000d58de850,0x00000000e1e00000)
  from space 15360K, 99% used [0x00000000e1e00000,0x00000000e2cf22d0,0x00000000e2d00000)
  to   space 17408K, 0% used [0x00000000e8e00000,0x00000000e8e00000,0x00000000e9f00000)
 ParOldGen       total 155648K, used 15315K [0x0000000080000000, 0x0000000089800000, 0x00000000d5580000)
  object space 155648K, 9% used [0x0000000080000000,0x0000000080ef4c50,0x0000000089800000)
 Metaspace       used 44199K, capacity 46090K, committed 46376K, reserved 1089536K
  class space    used 5999K, capacity 6365K, committed 6448K, reserved 1048576K
GC Heap History (10 events):
Event: 2.556 GC heap after
Heap after GC invocations=4 (full 0):
 PSYoungGen      total 141824K, used 7345K [0x00000000d5580000, 0x00000000dea80000, 0x0000000100000000)
  eden space 131072K, 0% used [0x00000000d5580000,0x00000000d5580000,0x00000000dd580000)
  from space 10752K, 68% used [0x00000000de000000,0x00000000de72c518,0x00000000dea80000)
  to   space 10752K, 0% used [0x00000000dd580000,0x00000000dd580000,0x00000000de000000)
 ParOldGen       total 175104K, used 933K [0x0000000080000000, 0x000000008ab00000, 0x00000000d5580000)
  object space 175104K, 0% used [0x0000000080000000,0x00000000800e9718,0x000000008ab00000)
 Metaspace       used 20608K, capacity 21224K, committed 21296K, reserved 1067008K
  class space    used 2879K, capacity 3076K, committed 3120K, reserved 1048576K
}
Event: 2.556 GC heap before
{Heap before GC invocations=5 (full 1):
 PSYoungGen      total 141824K, used 7345K [0x00000000d5580000, 0x00000000dea80000, 0x0000000100000000)
  eden space 131072K, 0% used [0x00000000d5580000,0x00000000d5580000,0x00000000dd580000)
  from space 10752K, 68% used [0x00000000de000000,0x00000000de72c518,0x00000000dea80000)
  to   space 10752K, 0% used [0x00000000dd580000,0x00000000dd580000,0x00000000de000000)
 ParOldGen       total 175104K, used 933K [0x0000000080000000, 0x000000008ab00000, 0x00000000d5580000)
  object space 175104K, 0% used [0x0000000080000000,0x00000000800e9718,0x000000008ab00000)
 Metaspace       used 20608K, capacity 21224K, committed 21296K, reserved 1067008K
  class space    used 2879K, capacity 3076K, committed 3120K, reserved 1048576K
Event: 2.603 GC heap after
Heap after GC invocations=5 (full 1):
 PSYoungGen      total 141824K, used 0K [0x00000000d5580000, 0x00000000dea80000, 0x0000000100000000)
  eden space 131072K, 0% used [0x00000000d5580000,0x00000000d5580000,0x00000000dd580000)
  from space 10752K, 0% used [0x00000000de000000,0x00000000de000000,0x00000000dea80000)
  to   space 10752K, 0% used [0x00000000dd580000,0x00000000dd580000,0x00000000de000000)
 ParOldGen       total 100352K, used 7246K [0x0000000080000000, 0x0000000086200000, 0x00000000d5580000)
  object space 100352K, 7% used [0x0000000080000000,0x0000000080713860,0x0000000086200000)
 Metaspace       used 20608K, capacity 21224K, committed 21296K, reserved 1067008K
  class space    used 2879K, capacity 3076K, committed 3120K, reserved 1048576K
}
Event: 3.765 GC heap before
{Heap before GC invocations=6 (full 1):
 PSYoungGen      total 141824K, used 131072K [0x00000000d5580000, 0x00000000dea80000, 0x0000000100000000)
  eden space 131072K, 100% used [0x00000000d5580000,0x00000000dd580000,0x00000000dd580000)
  from space 10752K, 0% used [0x00000000de000000,0x00000000de000000,0x00000000dea80000)
  to   space 10752K, 0% used [0x00000000dd580000,0x00000000dd580000,0x00000000de000000)
 ParOldGen       total 100352K, used 7246K [0x0000000080000000, 0x0000000086200000, 0x00000000d5580000)
  object space 100352K, 7% used [0x0000000080000000,0x0000000080713860,0x0000000086200000)
 Metaspace       used 32736K, capacity 33764K, committed 33968K, reserved 1079296K
  class space    used 4462K, capacity 4718K, committed 4784K, reserved 1048576K
Event: 3.777 GC heap after
Heap after GC invocations=6 (full 1):
 PSYoungGen      total 141824K, used 10723K [0x00000000d5580000, 0x00000000e3d00000, 0x0000000100000000)
  eden space 131072K, 0% used [0x00000000d5580000,0x00000000d5580000,0x00000000dd580000)
  from space 10752K, 99% used [0x00000000dd580000,0x00000000ddff8e78,0x00000000de000000)
  to   space 16384K, 0% used [0x00000000e2d00000,0x00000000e2d00000,0x00000000e3d00000)
 ParOldGen       total 100352K, used 11120K [0x0000000080000000, 0x0000000086200000, 0x00000000d5580000)
  object space 100352K, 11% used [0x0000000080000000,0x0000000080adc048,0x0000000086200000)
 Metaspace       used 32736K, capacity 33764K, committed 33968K, reserved 1079296K
  class space    used 4462K, capacity 4718K, committed 4784K, reserved 1048576K
}
Event: 3.978 GC heap before
{Heap before GC invocations=7 (full 1):
 PSYoungGen      total 141824K, used 44641K [0x00000000d5580000, 0x00000000e3d00000, 0x0000000100000000)
  eden space 131072K, 25% used [0x00000000d5580000,0x00000000d769f748,0x00000000dd580000)
  from space 10752K, 99% used [0x00000000dd580000,0x00000000ddff8e78,0x00000000de000000)
  to   space 16384K, 0% used [0x00000000e2d00000,0x00000000e2d00000,0x00000000e3d00000)
 ParOldGen       total 100352K, used 11120K [0x0000000080000000, 0x0000000086200000, 0x00000000d5580000)
  object space 100352K, 11% used [0x0000000080000000,0x0000000080adc048,0x0000000086200000)
 Metaspace       used 34295K, capacity 35412K, committed 35496K, reserved 1079296K
  class space    used 4713K, capacity 5001K, committed 5040K, reserved 1048576K
Event: 3.988 GC heap after
Heap after GC invocations=7 (full 1):
 PSYoungGen      total 221696K, used 8896K [0x00000000d5580000, 0x00000000e4280000, 0x0000000100000000)
  eden space 205312K, 0% used [0x00000000d5580000,0x00000000d5580000,0x00000000e1e00000)
  from space 16384K, 54% used [0x00000000e2d00000,0x00000000e35b0240,0x00000000e3d00000)
  to   space 15360K, 0% used [0x00000000e1e00000,0x00000000e1e00000,0x00000000e2d00000)
 ParOldGen       total 100352K, used 11128K [0x0000000080000000, 0x0000000086200000, 0x00000000d5580000)
  object space 100352K, 11% used [0x0000000080000000,0x0000000080ade048,0x0000000086200000)
 Metaspace       used 34295K, capacity 35412K, committed 35496K, reserved 1079296K
  class space    used 4713K, capacity 5001K, committed 5040K, reserved 1048576K
}
Event: 3.988 GC heap before
{Heap before GC invocations=8 (full 2):
 PSYoungGen      total 221696K, used 8896K [0x00000000d5580000, 0x00000000e4280000, 0x0000000100000000)
  eden space 205312K, 0% used [0x00000000d5580000,0x00000000d5580000,0x00000000e1e00000)
  from space 16384K, 54% used [0x00000000e2d00000,0x00000000e35b0240,0x00000000e3d00000)
  to   space 15360K, 0% used [0x00000000e1e00000,0x00000000e1e00000,0x00000000e2d00000)
 ParOldGen       total 100352K, used 11128K [0x0000000080000000, 0x0000000086200000, 0x00000000d5580000)
  object space 100352K, 11% used [0x0000000080000000,0x0000000080ade048,0x0000000086200000)
 Metaspace       used 34295K, capacity 35412K, committed 35496K, reserved 1079296K
  class space    used 4713K, capacity 5001K, committed 5040K, reserved 1048576K
Event: 4.040 GC heap after
Heap after GC invocations=8 (full 2):
 PSYoungGen      total 221696K, used 0K [0x00000000d5580000, 0x00000000e4280000, 0x0000000100000000)
  eden space 205312K, 0% used [0x00000000d5580000,0x00000000d5580000,0x00000000e1e00000)
  from space 16384K, 0% used [0x00000000e2d00000,0x00000000e2d00000,0x00000000e3d00000)
  to   space 15360K, 0% used [0x00000000e1e00000,0x00000000e1e00000,0x00000000e2d00000)
 ParOldGen       total 155648K, used 15307K [0x0000000080000000, 0x0000000089800000, 0x00000000d5580000)
  object space 155648K, 9% used [0x0000000080000000,0x0000000080ef2c50,0x0000000089800000)
 Metaspace       used 34295K, capacity 35412K, committed 35496K, reserved 1079296K
  class space    used 4713K, capacity 5001K, committed 5040K, reserved 1048576K
}
Event: 5.613 GC heap before
{Heap before GC invocations=9 (full 2):
 PSYoungGen      total 221696K, used 205312K [0x00000000d5580000, 0x00000000e4280000, 0x0000000100000000)
  eden space 205312K, 100% used [0x00000000d5580000,0x00000000e1e00000,0x00000000e1e00000)
  from space 16384K, 0% used [0x00000000e2d00000,0x00000000e2d00000,0x00000000e3d00000)
  to   space 15360K, 0% used [0x00000000e1e00000,0x00000000e1e00000,0x00000000e2d00000)
 ParOldGen       total 155648K, used 15307K [0x0000000080000000, 0x0000000089800000, 0x00000000d5580000)
  object space 155648K, 9% used [0x0000000080000000,0x0000000080ef2c50,0x0000000089800000)
 Metaspace       used 44182K, capacity 46026K, committed 46376K, reserved 1089536K
  class space    used 5997K, capacity 6365K, committed 6448K, reserved 1048576K

