# JRE version: OpenJDK Runtime Environment (8.0_242-b01) (build 1.8.0_242-release-1644-b01)
# Java VM: OpenJDK 64-Bit Server VM (25.242-b01 mixed mode windows-amd64 compressed oops)
Heap:
 PSYoungGen      total 464896K, used 321382K [0x00000000d5580000, 0x00000000ff580000, 0x0000000100000000)
  eden space 389632K, 63% used [0x00000000d5580000,0x00000000e45df1e0,0x00000000ed200000)
  from space 75264K, 99% used [0x00000000ed200000,0x00000000f1b7a6d0,0x00000000f1b80000)
  to   space 97792K, 0% used [0x00000000f9600000,0x00000000f9600000,0x00000000ff580000)
 ParOldGen       total 405504K, used 125378K [0x0000000080000000, 0x0000000098c00000, 0x00000000d5580000)
  object space 405504K, 30% used [0x0000000080000000,0x0000000087a70ad8,0x0000000098c00000)
 Metaspace       used 89025K, capacity 93592K, committed 93848K, reserved 1130496K
  class space    used 12051K, capacity 12910K, committed 12976K, reserved 1048576K
GC Heap History (10 events):
Event: 13.110 GC heap before
{Heap before GC invocations=13 (full 3):
 PSYoungGen      total 326656K, used 326624K [0x00000000d5580000, 0x00000000eea00000, 0x0000000100000000)
  eden space 302592K, 100% used [0x00000000d5580000,0x00000000e7d00000,0x00000000e7d00000)
  from space 24064K, 99% used [0x00000000e7d00000,0x00000000e9478248,0x00000000e9480000)
  to   space 28672K, 0% used [0x00000000ece00000,0x00000000ece00000,0x00000000eea00000)
 ParOldGen       total 235520K, used 42628K [0x0000000080000000, 0x000000008e600000, 0x00000000d5580000)
  object space 235520K, 18% used [0x0000000080000000,0x00000000829a1330,0x000000008e600000)
 Metaspace       used 73054K, capacity 76704K, committed 77080K, reserved 1116160K
  class space    used 10031K, capacity 10699K, committed 10800K, reserved 1048576K
Event: 13.154 GC heap after
Heap after GC invocations=13 (full 3):
 PSYoungGen      total 364032K, used 28658K [0x00000000d5580000, 0x00000000f1700000, 0x0000000100000000)
  eden space 335360K, 0% used [0x00000000d5580000,0x00000000d5580000,0x00000000e9d00000)
  from space 28672K, 99% used [0x00000000ece00000,0x00000000ee9fc968,0x00000000eea00000)
  to   space 50176K, 0% used [0x00000000e9d00000,0x00000000e9d00000,0x00000000ece00000)
 ParOldGen       total 235520K, used 89734K [0x0000000080000000, 0x000000008e600000, 0x00000000d5580000)
  object space 235520K, 38% used [0x0000000080000000,0x00000000857a19f8,0x000000008e600000)
 Metaspace       used 73054K, capacity 76704K, committed 77080K, reserved 1116160K
  class space    used 10031K, capacity 10699K, committed 10800K, reserved 1048576K
}
Event: 85.329 GC heap before
{Heap before GC invocations=14 (full 3):
 PSYoungGen      total 364032K, used 364018K [0x00000000d5580000, 0x00000000f1700000, 0x0000000100000000)
  eden space 335360K, 100% used [0x00000000d5580000,0x00000000e9d00000,0x00000000e9d00000)
  from space 28672K, 99% used [0x00000000ece00000,0x00000000ee9fc968,0x00000000eea00000)
  to   space 50176K, 0% used [0x00000000e9d00000,0x00000000e9d00000,0x00000000ece00000)
 ParOldGen       total 235520K, used 89734K [0x0000000080000000, 0x000000008e600000, 0x00000000d5580000)
  object space 235520K, 38% used [0x0000000080000000,0x00000000857a19f8,0x000000008e600000)
 Metaspace       used 81144K, capacity 85560K, committed 85912K, reserved 1124352K
  class space    used 11006K, capacity 11827K, committed 11952K, reserved 1048576K
Event: 85.414 GC heap after
Heap after GC invocations=14 (full 3):
 PSYoungGen      total 385536K, used 50171K [0x00000000d5580000, 0x00000000f6700000, 0x0000000100000000)
  eden space 335360K, 0% used [0x00000000d5580000,0x00000000d5580000,0x00000000e9d00000)
  from space 50176K, 99% used [0x00000000e9d00000,0x00000000ecdfeef0,0x00000000ece00000)
  to   space 77312K, 0% used [0x00000000f1b80000,0x00000000f1b80000,0x00000000f6700000)
 ParOldGen       total 235520K, used 141315K [0x0000000080000000, 0x000000008e600000, 0x00000000d5580000)
  object space 235520K, 60% used [0x0000000080000000,0x0000000088a00df0,0x000000008e600000)
 Metaspace       used 81144K, capacity 85560K, committed 85912K, reserved 1124352K
  class space    used 11006K, capacity 11827K, committed 11952K, reserved 1048576K
}
Event: 88.929 GC heap before
{Heap before GC invocations=15 (full 3):
 PSYoungGen      total 385536K, used 385531K [0x00000000d5580000, 0x00000000f6700000, 0x0000000100000000)
  eden space 335360K, 100% used [0x00000000d5580000,0x00000000e9d00000,0x00000000e9d00000)
  from space 50176K, 99% used [0x00000000e9d00000,0x00000000ecdfeef0,0x00000000ece00000)
  to   space 77312K, 0% used [0x00000000f1b80000,0x00000000f1b80000,0x00000000f6700000)
 ParOldGen       total 235520K, used 141315K [0x0000000080000000, 0x000000008e600000, 0x00000000d5580000)
  object space 235520K, 60% used [0x0000000080000000,0x0000000088a00df0,0x000000008e600000)
 Metaspace       used 85760K, capacity 90526K, committed 90648K, reserved 1128448K
  class space    used 11681K, capacity 12587K, committed 12592K, reserved 1048576K
Event: 89.073 GC heap after
Heap after GC invocations=15 (full 3):
 PSYoungGen      total 466944K, used 35144K [0x00000000d5580000, 0x00000000f7180000, 0x0000000100000000)
  eden space 389632K, 0% used [0x00000000d5580000,0x00000000d5580000,0x00000000ed200000)
  from space 77312K, 45% used [0x00000000f1b80000,0x00000000f3dd20c8,0x00000000f6700000)
  to   space 75264K, 0% used [0x00000000ed200000,0x00000000ed200000,0x00000000f1b80000)
 ParOldGen       total 235520K, used 190682K [0x0000000080000000, 0x000000008e600000, 0x00000000d5580000)
  object space 235520K, 80% used [0x0000000080000000,0x000000008ba36860,0x000000008e600000)
 Metaspace       used 85760K, capacity 90526K, committed 90648K, reserved 1128448K
  class space    used 11681K, capacity 12587K, committed 12592K, reserved 1048576K
}
Event: 89.073 GC heap before
{Heap before GC invocations=16 (full 4):
 PSYoungGen      total 466944K, used 35144K [0x00000000d5580000, 0x00000000f7180000, 0x0000000100000000)
  eden space 389632K, 0% used [0x00000000d5580000,0x00000000d5580000,0x00000000ed200000)
  from space 77312K, 45% used [0x00000000f1b80000,0x00000000f3dd20c8,0x00000000f6700000)
  to   space 75264K, 0% used [0x00000000ed200000,0x00000000ed200000,0x00000000f1b80000)
 ParOldGen       total 235520K, used 190682K [0x0000000080000000, 0x000000008e600000, 0x00000000d5580000)
  object space 235520K, 80% used [0x0000000080000000,0x000000008ba36860,0x000000008e600000)
 Metaspace       used 85760K, capacity 90526K, committed 90648K, reserved 1128448K
  class space    used 11681K, capacity 12587K, committed 12592K, reserved 1048576K
Event: 89.443 GC heap after
Heap after GC invocations=16 (full 4):
 PSYoungGen      total 466944K, used 0K [0x00000000d5580000, 0x00000000f7180000, 0x0000000100000000)
  eden space 389632K, 0% used [0x00000000d5580000,0x00000000d5580000,0x00000000ed200000)
  from space 77312K, 0% used [0x00000000f1b80000,0x00000000f1b80000,0x00000000f6700000)
  to   space 75264K, 0% used [0x00000000ed200000,0x00000000ed200000,0x00000000f1b80000)
 ParOldGen       total 405504K, used 97213K [0x0000000080000000, 0x0000000098c00000, 0x00000000d5580000)
  object space 405504K, 23% used [0x0000000080000000,0x0000000085eef5d8,0x0000000098c00000)
 Metaspace       used 85342K, capacity 89292K, committed 90648K, reserved 1128448K
  class space    used 11544K, capacity 12346K, committed 12592K, reserved 1048576K
}
Event: 91.401 GC heap before
{Heap before GC invocations=17 (full 4):
 PSYoungGen      total 466944K, used 389632K [0x00000000d5580000, 0x00000000f7180000, 0x0000000100000000)
  eden space 389632K, 100% used [0x00000000d5580000,0x00000000ed200000,0x00000000ed200000)
  from space 77312K, 0% used [0x00000000f1b80000,0x00000000f1b80000,0x00000000f6700000)
  to   space 75264K, 0% used [0x00000000ed200000,0x00000000ed200000,0x00000000f1b80000)
 ParOldGen       total 405504K, used 97213K [0x0000000080000000, 0x0000000098c00000, 0x00000000d5580000)
  object space 405504K, 23% used [0x0000000080000000,0x0000000085eef5d8,0x0000000098c00000)
 Metaspace       used 88569K, capacity 93202K, committed 93592K, reserved 1130496K
  class space    used 12043K, capacity 12899K, committed 12976K, reserved 1048576K
Event: 91.496 GC heap after
Heap after GC invocations=17 (full 4):
 PSYoungGen      total 464896K, used 75241K [0x00000000d5580000, 0x00000000ff580000, 0x0000000100000000)
  eden space 389632K, 0% used [0x00000000d5580000,0x00000000d5580000,0x00000000ed200000)
  from space 75264K, 99% used [0x00000000ed200000,0x00000000f1b7a6d0,0x00000000f1b80000)
  to   space 97792K, 0% used [0x00000000f9600000,0x00000000f9600000,0x00000000ff580000)
 ParOldGen       total 405504K, used 125378K [0x0000000080000000, 0x0000000098c00000, 0x00000000d5580000)
  object space 405504K, 30% used [0x0000000080000000,0x0000000087a70ad8,0x0000000098c00000)
 Metaspace       used 88569K, capacity 93202K, committed 93592K, reserved 1130496K
  class space    used 12043K, capacity 12899K, committed 12976K, reserved 1048576K
}

