# JRE version: OpenJDK Runtime Environment (8.0_242-b01) (build 1.8.0_242-release-1644-b01)
# Java VM: OpenJDK 64-Bit Server VM (25.242-b01 mixed mode windows-amd64 compressed oops)
Heap:
 PSYoungGen      total 193536K, used 84737K [0x000000076b400000, 0x0000000777d80000, 0x00000007c0000000)
  eden space 182784K, 40% used [0x000000076b400000,0x000000076fc45f48,0x0000000776680000)
  from space 10752K, 99% used [0x0000000777100000,0x0000000777b7a7e0,0x0000000777b80000)
  to   space 10752K, 0% used [0x0000000776680000,0x0000000776680000,0x0000000777100000)
 ParOldGen       total 209408K, used 44617K [0x00000006c1c00000, 0x00000006ce880000, 0x000000076b400000)
  object space 209408K, 21% used [0x00000006c1c00000,0x00000006c47925f0,0x00000006ce880000)
 Metaspace       used 49931K, capacity 50898K, committed 51072K, reserved 1093632K
  class space    used 6200K, capacity 6470K, committed 6528K, reserved 1048576K
GC Heap History (10 events):
Event: 1.159 GC heap before
{Heap before GC invocations=2 (full 0):
 PSYoungGen      total 76288K, used 30915K [0x000000076b400000, 0x0000000774900000, 0x00000007c0000000)
  eden space 65536K, 30% used [0x000000076b400000,0x000000076c7b8428,0x000000076f400000)
  from space 10752K, 99% used [0x000000076f400000,0x000000076fe78868,0x000000076fe80000)
  to   space 10752K, 0% used [0x0000000773e80000,0x0000000773e80000,0x0000000774900000)
 ParOldGen       total 175104K, used 4609K [0x00000006c1c00000, 0x00000006cc700000, 0x000000076b400000)
  object space 175104K, 2% used [0x00000006c1c00000,0x00000006c20807a8,0x00000006cc700000)
 Metaspace       used 20786K, capacity 21174K, committed 21296K, reserved 1069056K
  class space    used 2492K, capacity 2659K, committed 2688K, reserved 1048576K
Event: 1.166 GC heap after
Heap after GC invocations=2 (full 0):
 PSYoungGen      total 141824K, used 9587K [0x000000076b400000, 0x0000000774900000, 0x00000007c0000000)
  eden space 131072K, 0% used [0x000000076b400000,0x000000076b400000,0x0000000773400000)
  from space 10752K, 89% used [0x0000000773e80000,0x00000007747dcd40,0x0000000774900000)
  to   space 10752K, 0% used [0x0000000773400000,0x0000000773400000,0x0000000773e80000)
 ParOldGen       total 175104K, used 4681K [0x00000006c1c00000, 0x00000006cc700000, 0x000000076b400000)
  object space 175104K, 2% used [0x00000006c1c00000,0x00000006c20927b8,0x00000006cc700000)
 Metaspace       used 20786K, capacity 21174K, committed 21296K, reserved 1069056K
  class space    used 2492K, capacity 2659K, committed 2688K, reserved 1048576K
}
Event: 1.166 GC heap before
{Heap before GC invocations=3 (full 1):
 PSYoungGen      total 141824K, used 9587K [0x000000076b400000, 0x0000000774900000, 0x00000007c0000000)
  eden space 131072K, 0% used [0x000000076b400000,0x000000076b400000,0x0000000773400000)
  from space 10752K, 89% used [0x0000000773e80000,0x00000007747dcd40,0x0000000774900000)
  to   space 10752K, 0% used [0x0000000773400000,0x0000000773400000,0x0000000773e80000)
 ParOldGen       total 175104K, used 4681K [0x00000006c1c00000, 0x00000006cc700000, 0x000000076b400000)
  object space 175104K, 2% used [0x00000006c1c00000,0x00000006c20927b8,0x00000006cc700000)
 Metaspace       used 20786K, capacity 21174K, committed 21296K, reserved 1069056K
  class space    used 2492K, capacity 2659K, committed 2688K, reserved 1048576K
Event: 1.194 GC heap after
Heap after GC invocations=3 (full 1):
 PSYoungGen      total 141824K, used 0K [0x000000076b400000, 0x0000000774900000, 0x00000007c0000000)
  eden space 131072K, 0% used [0x000000076b400000,0x000000076b400000,0x0000000773400000)
  from space 10752K, 0% used [0x0000000773e80000,0x0000000773e80000,0x0000000774900000)
  to   space 10752K, 0% used [0x0000000773400000,0x0000000773400000,0x0000000773e80000)
 ParOldGen       total 117760K, used 9246K [0x00000006c1c00000, 0x00000006c8f00000, 0x000000076b400000)
  object space 117760K, 7% used [0x00000006c1c00000,0x00000006c2507b80,0x00000006c8f00000)
 Metaspace       used 20786K, capacity 21174K, committed 21296K, reserved 1069056K
  class space    used 2492K, capacity 2659K, committed 2688K, reserved 1048576K
}
Event: 3.165 GC heap before
{Heap before GC invocations=4 (full 1):
 PSYoungGen      total 141824K, used 105534K [0x000000076b400000, 0x0000000774900000, 0x00000007c0000000)
  eden space 131072K, 80% used [0x000000076b400000,0x0000000771b0f818,0x0000000773400000)
  from space 10752K, 0% used [0x0000000773e80000,0x0000000773e80000,0x0000000774900000)
  to   space 10752K, 0% used [0x0000000773400000,0x0000000773400000,0x0000000773e80000)
 ParOldGen       total 117760K, used 9246K [0x00000006c1c00000, 0x00000006c8f00000, 0x000000076b400000)
  object space 117760K, 7% used [0x00000006c1c00000,0x00000006c2507b80,0x00000006c8f00000)
 Metaspace       used 34783K, capacity 35328K, committed 35496K, reserved 1081344K
  class space    used 4427K, capacity 4599K, committed 4608K, reserved 1048576K
Event: 3.181 GC heap after
Heap after GC invocations=4 (full 1):
 PSYoungGen      total 141824K, used 10732K [0x000000076b400000, 0x0000000777b80000, 0x00000007c0000000)
  eden space 131072K, 0% used [0x000000076b400000,0x000000076b400000,0x0000000773400000)
  from space 10752K, 99% used [0x0000000773400000,0x0000000773e7b130,0x0000000773e80000)
  to   space 10752K, 0% used [0x0000000777100000,0x0000000777100000,0x0000000777b80000)
 ParOldGen       total 117760K, used 23360K [0x00000006c1c00000, 0x00000006c8f00000, 0x000000076b400000)
  object space 117760K, 19% used [0x00000006c1c00000,0x00000006c32d0300,0x00000006c8f00000)
 Metaspace       used 34783K, capacity 35328K, committed 35496K, reserved 1081344K
  class space    used 4427K, capacity 4599K, committed 4608K, reserved 1048576K
}
Event: 3.181 GC heap before
{Heap before GC invocations=5 (full 2):
 PSYoungGen      total 141824K, used 10732K [0x000000076b400000, 0x0000000777b80000, 0x00000007c0000000)
  eden space 131072K, 0% used [0x000000076b400000,0x000000076b400000,0x0000000773400000)
  from space 10752K, 99% used [0x0000000773400000,0x0000000773e7b130,0x0000000773e80000)
  to   space 10752K, 0% used [0x0000000777100000,0x0000000777100000,0x0000000777b80000)
 ParOldGen       total 117760K, used 23360K [0x00000006c1c00000, 0x00000006c8f00000, 0x000000076b400000)
  object space 117760K, 19% used [0x00000006c1c00000,0x00000006c32d0300,0x00000006c8f00000)
 Metaspace       used 34783K, capacity 35328K, committed 35496K, reserved 1081344K
  class space    used 4427K, capacity 4599K, committed 4608K, reserved 1048576K
Event: 3.219 GC heap after
Heap after GC invocations=5 (full 2):
 PSYoungGen      total 141824K, used 0K [0x000000076b400000, 0x0000000777b80000, 0x00000007c0000000)
  eden space 131072K, 0% used [0x000000076b400000,0x000000076b400000,0x0000000773400000)
  from space 10752K, 0% used [0x0000000773400000,0x0000000773400000,0x0000000773e80000)
  to   space 10752K, 0% used [0x0000000777100000,0x0000000777100000,0x0000000777b80000)
 ParOldGen       total 209408K, used 30046K [0x00000006c1c00000, 0x00000006ce880000, 0x000000076b400000)
  object space 209408K, 14% used [0x00000006c1c00000,0x00000006c3957878,0x00000006ce880000)
 Metaspace       used 34783K, capacity 35328K, committed 35496K, reserved 1081344K
  class space    used 4427K, capacity 4599K, committed 4608K, reserved 1048576K
}
Event: 5.089 GC heap before
{Heap before GC invocations=6 (full 2):
 PSYoungGen      total 141824K, used 131072K [0x000000076b400000, 0x0000000777b80000, 0x00000007c0000000)
  eden space 131072K, 100% used [0x000000076b400000,0x0000000773400000,0x0000000773400000)
  from space 10752K, 0% used [0x0000000773400000,0x0000000773400000,0x0000000773e80000)
  to   space 10752K, 0% used [0x0000000777100000,0x0000000777100000,0x0000000777b80000)
 ParOldGen       total 209408K, used 30046K [0x00000006c1c00000, 0x00000006ce880000, 0x000000076b400000)
  object space 209408K, 14% used [0x00000006c1c00000,0x00000006c3957878,0x00000006ce880000)
 Metaspace       used 44474K, capacity 45230K, committed 45440K, reserved 1089536K
  class space    used 5497K, capacity 5752K, committed 5760K, reserved 1048576K
Event: 5.115 GC heap after
Heap after GC invocations=6 (full 2):
 PSYoungGen      total 193536K, used 10729K [0x000000076b400000, 0x0000000777d80000, 0x00000007c0000000)
  eden space 182784K, 0% used [0x000000076b400000,0x000000076b400000,0x0000000776680000)
  from space 10752K, 99% used [0x0000000777100000,0x0000000777b7a7e0,0x0000000777b80000)
  to   space 10752K, 0% used [0x0000000776680000,0x0000000776680000,0x0000000777100000)
 ParOldGen       total 209408K, used 44617K [0x00000006c1c00000, 0x00000006ce880000, 0x000000076b400000)
  object space 209408K, 21% used [0x00000006c1c00000,0x00000006c47925f0,0x00000006ce880000)
 Metaspace       used 44474K, capacity 45230K, committed 45440K, reserved 1089536K
  class space    used 5497K, capacity 5752K, committed 5760K, reserved 1048576K
}

