# JRE version: OpenJDK Runtime Environment (8.0_242-b01) (build 1.8.0_242-release-1644-b01)
# Java VM: OpenJDK 64-Bit Server VM (25.242-b01 mixed mode windows-amd64 compressed oops)
Heap:
 PSYoungGen      total 315904K, used 236045K [0x00000000d5580000, 0x00000000ea800000, 0x0000000100000000)
  eden space 298496K, 79% used [0x00000000d5580000,0x00000000e3c036b0,0x00000000e7900000)
  from space 17408K, 0% used [0x00000000e9100000,0x00000000e9100000,0x00000000ea200000)
  to   space 24064K, 0% used [0x00000000e7900000,0x00000000e7900000,0x00000000e9080000)
 ParOldGen       total 238592K, used 39851K [0x0000000080000000, 0x000000008e900000, 0x00000000d5580000)
  object space 238592K, 16% used [0x0000000080000000,0x00000000826eaf98,0x000000008e900000)
 Metaspace       used 65390K, capacity 68768K, committed 69016K, reserved 1107968K
  class space    used 8994K, capacity 9645K, committed 9648K, reserved 1048576K
GC Heap History (10 events):
Event: 4.128 GC heap before
{Heap before GC invocations=7 (full 1):
 PSYoungGen      total 141824K, used 44702K [0x00000000d5580000, 0x00000000e3f00000, 0x0000000100000000)
  eden space 131072K, 25% used [0x00000000d5580000,0x00000000d76a9a88,0x00000000dd580000)
  from space 10752K, 99% used [0x00000000dd580000,0x00000000ddffde20,0x00000000de000000)
  to   space 16384K, 0% used [0x00000000e2f00000,0x00000000e2f00000,0x00000000e3f00000)
 ParOldGen       total 99328K, used 11043K [0x0000000080000000, 0x0000000086100000, 0x00000000d5580000)
  object space 99328K, 11% used [0x0000000080000000,0x0000000080ac8c20,0x0000000086100000)
 Metaspace       used 34349K, capacity 35414K, committed 35496K, reserved 1079296K
  class space    used 4728K, capacity 5002K, committed 5040K, reserved 1048576K
Event: 4.138 GC heap after
Heap after GC invocations=7 (full 1):
 PSYoungGen      total 223744K, used 8935K [0x00000000d5580000, 0x00000000e4080000, 0x0000000100000000)
  eden space 207360K, 0% used [0x00000000d5580000,0x00000000d5580000,0x00000000e2000000)
  from space 16384K, 54% used [0x00000000e2f00000,0x00000000e37b9fb8,0x00000000e3f00000)
  to   space 15360K, 0% used [0x00000000e2000000,0x00000000e2000000,0x00000000e2f00000)
 ParOldGen       total 99328K, used 11051K [0x0000000080000000, 0x0000000086100000, 0x00000000d5580000)
  object space 99328K, 11% used [0x0000000080000000,0x0000000080acac20,0x0000000086100000)
 Metaspace       used 34349K, capacity 35414K, committed 35496K, reserved 1079296K
  class space    used 4728K, capacity 5002K, committed 5040K, reserved 1048576K
}
Event: 4.138 GC heap before
{Heap before GC invocations=8 (full 2):
 PSYoungGen      total 223744K, used 8935K [0x00000000d5580000, 0x00000000e4080000, 0x0000000100000000)
  eden space 207360K, 0% used [0x00000000d5580000,0x00000000d5580000,0x00000000e2000000)
  from space 16384K, 54% used [0x00000000e2f00000,0x00000000e37b9fb8,0x00000000e3f00000)
  to   space 15360K, 0% used [0x00000000e2000000,0x00000000e2000000,0x00000000e2f00000)
 ParOldGen       total 99328K, used 11051K [0x0000000080000000, 0x0000000086100000, 0x00000000d5580000)
  object space 99328K, 11% used [0x0000000080000000,0x0000000080acac20,0x0000000086100000)
 Metaspace       used 34349K, capacity 35414K, committed 35496K, reserved 1079296K
  class space    used 4728K, capacity 5002K, committed 5040K, reserved 1048576K
Event: 4.185 GC heap after
Heap after GC invocations=8 (full 2):
 PSYoungGen      total 223744K, used 0K [0x00000000d5580000, 0x00000000e4080000, 0x0000000100000000)
  eden space 207360K, 0% used [0x00000000d5580000,0x00000000d5580000,0x00000000e2000000)
  from space 16384K, 0% used [0x00000000e2f00000,0x00000000e2f00000,0x00000000e3f00000)
  to   space 15360K, 0% used [0x00000000e2000000,0x00000000e2000000,0x00000000e2f00000)
 ParOldGen       total 154112K, used 15375K [0x0000000080000000, 0x0000000089680000, 0x00000000d5580000)
  object space 154112K, 9% used [0x0000000080000000,0x0000000080f03cf0,0x0000000089680000)
 Metaspace       used 34349K, capacity 35414K, committed 35496K, reserved 1079296K
  class space    used 4728K, capacity 5002K, committed 5040K, reserved 1048576K
}
Event: 5.984 GC heap before
{Heap before GC invocations=9 (full 2):
 PSYoungGen      total 223744K, used 207360K [0x00000000d5580000, 0x00000000e4080000, 0x0000000100000000)
  eden space 207360K, 100% used [0x00000000d5580000,0x00000000e2000000,0x00000000e2000000)
  from space 16384K, 0% used [0x00000000e2f00000,0x00000000e2f00000,0x00000000e3f00000)
  to   space 15360K, 0% used [0x00000000e2000000,0x00000000e2000000,0x00000000e2f00000)
 ParOldGen       total 154112K, used 15375K [0x0000000080000000, 0x0000000089680000, 0x00000000d5580000)
  object space 154112K, 9% used [0x0000000080000000,0x0000000080f03cf0,0x0000000089680000)
 Metaspace       used 44421K, capacity 46244K, committed 46376K, reserved 1089536K
  class space    used 6032K, capacity 6398K, committed 6448K, reserved 1048576K
Event: 6.005 GC heap after
Heap after GC invocations=9 (full 2):
 PSYoungGen      total 222720K, used 15352K [0x00000000d5580000, 0x00000000ea200000, 0x0000000100000000)
  eden space 207360K, 0% used [0x00000000d5580000,0x00000000d5580000,0x00000000e2000000)
  from space 15360K, 99% used [0x00000000e2000000,0x00000000e2efe078,0x00000000e2f00000)
  to   space 17408K, 0% used [0x00000000e9100000,0x00000000e9100000,0x00000000ea200000)
 ParOldGen       total 154112K, used 15688K [0x0000000080000000, 0x0000000089680000, 0x00000000d5580000)
  object space 154112K, 10% used [0x0000000080000000,0x0000000080f522f8,0x0000000089680000)
 Metaspace       used 44421K, capacity 46244K, committed 46376K, reserved 1089536K
  class space    used 6032K, capacity 6398K, committed 6448K, reserved 1048576K
}
Event: 7.659 GC heap before
{Heap before GC invocations=10 (full 2):
 PSYoungGen      total 222720K, used 177688K [0x00000000d5580000, 0x00000000ea200000, 0x0000000100000000)
  eden space 207360K, 78% used [0x00000000d5580000,0x00000000df408378,0x00000000e2000000)
  from space 15360K, 99% used [0x00000000e2000000,0x00000000e2efe078,0x00000000e2f00000)
  to   space 17408K, 0% used [0x00000000e9100000,0x00000000e9100000,0x00000000ea200000)
 ParOldGen       total 154112K, used 15688K [0x0000000080000000, 0x0000000089680000, 0x00000000d5580000)
  object space 154112K, 10% used [0x0000000080000000,0x0000000080f522f8,0x0000000089680000)
 Metaspace       used 56778K, capacity 59066K, committed 59160K, reserved 1099776K
  class space    used 7725K, capacity 8190K, committed 8240K, reserved 1048576K
Event: 7.677 GC heap after
Heap after GC invocations=10 (full 2):
 PSYoungGen      total 315904K, used 17388K [0x00000000d5580000, 0x00000000ea800000, 0x0000000100000000)
  eden space 298496K, 0% used [0x00000000d5580000,0x00000000d5580000,0x00000000e7900000)
  from space 17408K, 99% used [0x00000000e9100000,0x00000000ea1fb330,0x00000000ea200000)
  to   space 24064K, 0% used [0x00000000e7900000,0x00000000e7900000,0x00000000e9080000)
 ParOldGen       total 154112K, used 25702K [0x0000000080000000, 0x0000000089680000, 0x00000000d5580000)
  object space 154112K, 16% used [0x0000000080000000,0x00000000819199b0,0x0000000089680000)
 Metaspace       used 56778K, capacity 59066K, committed 59160K, reserved 1099776K
  class space    used 7725K, capacity 8190K, committed 8240K, reserved 1048576K
}
Event: 7.677 GC heap before
{Heap before GC invocations=11 (full 3):
 PSYoungGen      total 315904K, used 17388K [0x00000000d5580000, 0x00000000ea800000, 0x0000000100000000)
  eden space 298496K, 0% used [0x00000000d5580000,0x00000000d5580000,0x00000000e7900000)
  from space 17408K, 99% used [0x00000000e9100000,0x00000000ea1fb330,0x00000000ea200000)
  to   space 24064K, 0% used [0x00000000e7900000,0x00000000e7900000,0x00000000e9080000)
 ParOldGen       total 154112K, used 25702K [0x0000000080000000, 0x0000000089680000, 0x00000000d5580000)
  object space 154112K, 16% used [0x0000000080000000,0x00000000819199b0,0x0000000089680000)
 Metaspace       used 56778K, capacity 59066K, committed 59160K, reserved 1099776K
  class space    used 7725K, capacity 8190K, committed 8240K, reserved 1048576K
Event: 7.988 GC heap after
Heap after GC invocations=11 (full 3):
 PSYoungGen      total 315904K, used 0K [0x00000000d5580000, 0x00000000ea800000, 0x0000000100000000)
  eden space 298496K, 0% used [0x00000000d5580000,0x00000000d5580000,0x00000000e7900000)
  from space 17408K, 0% used [0x00000000e9100000,0x00000000e9100000,0x00000000ea200000)
  to   space 24064K, 0% used [0x00000000e7900000,0x00000000e7900000,0x00000000e9080000)
 ParOldGen       total 238592K, used 39851K [0x0000000080000000, 0x000000008e900000, 0x00000000d5580000)
  object space 238592K, 16% used [0x0000000080000000,0x00000000826eaf98,0x000000008e900000)
 Metaspace       used 56737K, capacity 58928K, committed 59160K, reserved 1099776K
  class space    used 7713K, capacity 8167K, committed 8240K, reserved 1048576K
}

