# JRE version: OpenJDK Runtime Environment (8.0_242-b01) (build 1.8.0_242-release-1644-b01)
# Java VM: OpenJDK 64-Bit Server VM (25.242-b01 mixed mode windows-amd64 compressed oops)
Heap:
 PSYoungGen      total 458240K, used 399617K [0x00000000d5580000, 0x0000000100000000, 0x0000000100000000)
  eden space 371200K, 84% used [0x00000000d5580000,0x00000000e8722b00,0x00000000ec000000)
  from space 87040K, 99% used [0x00000000ec000000,0x00000000f149d9e0,0x00000000f1500000)
  to   space 165888K, 0% used [0x00000000f5e00000,0x00000000f5e00000,0x0000000100000000)
 ParOldGen       total 778752K, used 525617K [0x0000000080000000, 0x00000000af880000, 0x00000000d5580000)
  object space 778752K, 67% used [0x0000000080000000,0x00000000a014c508,0x00000000af880000)
 Metaspace       used 211855K, capacity 223824K, committed 226892K, reserved 1245184K
  class space    used 27768K, capacity 30045K, committed 30848K, reserved 1048576K
GC Heap History (10 events):
Event: 1053.527 GC heap before
{Heap before GC invocations=60 (full 7):
 PSYoungGen      total 488448K, used 429559K [0x00000000d5580000, 0x0000000100000000, 0x0000000100000000)
  eden space 429568K, 99% used [0x00000000d5580000,0x00000000ef8fdff8,0x00000000ef900000)
  from space 58880K, 0% used [0x00000000fc680000,0x00000000fc680000,0x0000000100000000)
  to   space 134656K, 0% used [0x00000000ef900000,0x00000000ef900000,0x00000000f7c80000)
 ParOldGen       total 778752K, used 377637K [0x0000000080000000, 0x00000000af880000, 0x00000000d5580000)
  object space 778752K, 48% used [0x0000000080000000,0x00000000970c95d0,0x00000000af880000)
 Metaspace       used 210156K, capacity 222012K, committed 225228K, reserved 1243136K
  class space    used 27627K, capacity 29909K, committed 30720K, reserved 1048576K
Event: 1053.548 GC heap after
Heap after GC invocations=60 (full 7):
 PSYoungGen      total 564224K, used 16140K [0x00000000d5580000, 0x0000000100000000, 0x0000000100000000)
  eden space 429568K, 0% used [0x00000000d5580000,0x00000000d5580000,0x00000000ef900000)
  from space 134656K, 11% used [0x00000000ef900000,0x00000000f08c30d0,0x00000000f7c80000)
  to   space 128000K, 0% used [0x00000000f8300000,0x00000000f8300000,0x0000000100000000)
 ParOldGen       total 778752K, used 377645K [0x0000000080000000, 0x00000000af880000, 0x00000000d5580000)
  object space 778752K, 48% used [0x0000000080000000,0x00000000970cb5d0,0x00000000af880000)
 Metaspace       used 210156K, capacity 222012K, committed 225228K, reserved 1243136K
  class space    used 27627K, capacity 29909K, committed 30720K, reserved 1048576K
}
Event: 1056.347 GC heap before
{Heap before GC invocations=61 (full 7):
 PSYoungGen      total 564224K, used 445708K [0x00000000d5580000, 0x0000000100000000, 0x0000000100000000)
  eden space 429568K, 100% used [0x00000000d5580000,0x00000000ef900000,0x00000000ef900000)
  from space 134656K, 11% used [0x00000000ef900000,0x00000000f08c30d0,0x00000000f7c80000)
  to   space 128000K, 0% used [0x00000000f8300000,0x00000000f8300000,0x0000000100000000)
 ParOldGen       total 778752K, used 377663K [0x0000000080000000, 0x00000000af880000, 0x00000000d5580000)
  object space 778752K, 48% used [0x0000000080000000,0x00000000970cfd58,0x00000000af880000)
 Metaspace       used 211406K, capacity 223220K, committed 226380K, reserved 1245184K
  class space    used 27714K, capacity 29983K, committed 30848K, reserved 1048576K
Event: 1056.406 GC heap after
Heap after GC invocations=61 (full 7):
 PSYoungGen      total 548352K, used 45997K [0x00000000d5580000, 0x00000000ff080000, 0x0000000100000000)
  eden space 436224K, 0% used [0x00000000d5580000,0x00000000d5580000,0x00000000eff80000)
  from space 112128K, 41% used [0x00000000f8300000,0x00000000fafeb5f0,0x00000000ff080000)
  to   space 123392K, 0% used [0x00000000eff80000,0x00000000eff80000,0x00000000f7800000)
 ParOldGen       total 778752K, used 377671K [0x0000000080000000, 0x00000000af880000, 0x00000000d5580000)
  object space 778752K, 48% used [0x0000000080000000,0x00000000970d1d58,0x00000000af880000)
 Metaspace       used 211406K, capacity 223220K, committed 226380K, reserved 1245184K
  class space    used 27714K, capacity 29983K, committed 30848K, reserved 1048576K
}
Event: 1057.314 GC heap before
{Heap before GC invocations=62 (full 7):
 PSYoungGen      total 548352K, used 482221K [0x00000000d5580000, 0x00000000ff080000, 0x0000000100000000)
  eden space 436224K, 100% used [0x00000000d5580000,0x00000000eff80000,0x00000000eff80000)
  from space 112128K, 41% used [0x00000000f8300000,0x00000000fafeb5f0,0x00000000ff080000)
  to   space 123392K, 0% used [0x00000000eff80000,0x00000000eff80000,0x00000000f7800000)
 ParOldGen       total 778752K, used 377675K [0x0000000080000000, 0x00000000af880000, 0x00000000d5580000)
  object space 778752K, 48% used [0x0000000080000000,0x00000000970d2ec8,0x00000000af880000)
 Metaspace       used 211469K, capacity 223290K, committed 226636K, reserved 1245184K
  class space    used 27718K, capacity 29984K, committed 30848K, reserved 1048576K
Event: 1057.378 GC heap after
Heap after GC invocations=62 (full 7):
 PSYoungGen      total 559616K, used 82112K [0x00000000d5580000, 0x0000000100000000, 0x0000000100000000)
  eden space 436224K, 0% used [0x00000000d5580000,0x00000000d5580000,0x00000000eff80000)
  from space 123392K, 66% used [0x00000000eff80000,0x00000000f4fb0200,0x00000000f7800000)
  to   space 131584K, 0% used [0x00000000f7f80000,0x00000000f7f80000,0x0000000100000000)
 ParOldGen       total 778752K, used 377683K [0x0000000080000000, 0x00000000af880000, 0x00000000d5580000)
  object space 778752K, 48% used [0x0000000080000000,0x00000000970d4ec8,0x00000000af880000)
 Metaspace       used 211469K, capacity 223290K, committed 226636K, reserved 1245184K
  class space    used 27718K, capacity 29984K, committed 30848K, reserved 1048576K
}
Event: 1058.779 GC heap before
{Heap before GC invocations=63 (full 7):
 PSYoungGen      total 559616K, used 518336K [0x00000000d5580000, 0x0000000100000000, 0x0000000100000000)
  eden space 436224K, 100% used [0x00000000d5580000,0x00000000eff80000,0x00000000eff80000)
  from space 123392K, 66% used [0x00000000eff80000,0x00000000f4fb0200,0x00000000f7800000)
  to   space 131584K, 0% used [0x00000000f7f80000,0x00000000f7f80000,0x0000000100000000)
 ParOldGen       total 778752K, used 377683K [0x0000000080000000, 0x00000000af880000, 0x00000000d5580000)
  object space 778752K, 48% used [0x0000000080000000,0x00000000970d4ec8,0x00000000af880000)
 Metaspace       used 211790K, capacity 223678K, committed 226636K, reserved 1245184K
  class space    used 27767K, capacity 30044K, committed 30848K, reserved 1048576K
Event: 1058.883 GC heap after
Heap after GC invocations=63 (full 7):
 PSYoungGen      total 502784K, used 131571K [0x00000000d5580000, 0x0000000100000000, 0x0000000100000000)
  eden space 371200K, 0% used [0x00000000d5580000,0x00000000d5580000,0x00000000ec000000)
  from space 131584K, 99% used [0x00000000f7f80000,0x00000000ffffcf58,0x0000000100000000)
  to   space 163840K, 0% used [0x00000000ec000000,0x00000000ec000000,0x00000000f6000000)
 ParOldGen       total 778752K, used 398558K [0x0000000080000000, 0x00000000af880000, 0x00000000d5580000)
  object space 778752K, 51% used [0x0000000080000000,0x0000000098537980,0x00000000af880000)
 Metaspace       used 211790K, capacity 223678K, committed 226636K, reserved 1245184K
  class space    used 27767K, capacity 30044K, committed 30848K, reserved 1048576K
}
Event: 1059.456 GC heap before
{Heap before GC invocations=64 (full 7):
 PSYoungGen      total 502784K, used 502771K [0x00000000d5580000, 0x0000000100000000, 0x0000000100000000)
  eden space 371200K, 100% used [0x00000000d5580000,0x00000000ec000000,0x00000000ec000000)
  from space 131584K, 99% used [0x00000000f7f80000,0x00000000ffffcf58,0x0000000100000000)
  to   space 163840K, 0% used [0x00000000ec000000,0x00000000ec000000,0x00000000f6000000)
 ParOldGen       total 778752K, used 398558K [0x0000000080000000, 0x00000000af880000, 0x00000000d5580000)
  object space 778752K, 51% used [0x0000000080000000,0x0000000098537980,0x00000000af880000)
 Metaspace       used 211821K, capacity 223696K, committed 226636K, reserved 1245184K
  class space    used 27768K, capacity 30045K, committed 30848K, reserved 1048576K
Event: 1059.617 GC heap after
Heap after GC invocations=64 (full 7):
 PSYoungGen      total 458240K, used 86646K [0x00000000d5580000, 0x0000000100000000, 0x0000000100000000)
  eden space 371200K, 0% used [0x00000000d5580000,0x00000000d5580000,0x00000000ec000000)
  from space 87040K, 99% used [0x00000000ec000000,0x00000000f149d9e0,0x00000000f1500000)
  to   space 165888K, 0% used [0x00000000f5e00000,0x00000000f5e00000,0x0000000100000000)
 ParOldGen       total 778752K, used 525617K [0x0000000080000000, 0x00000000af880000, 0x00000000d5580000)
  object space 778752K, 67% used [0x0000000080000000,0x00000000a014c508,0x00000000af880000)
 Metaspace       used 211821K, capacity 223696K, committed 226636K, reserved 1245184K
  class space    used 27768K, capacity 30045K, committed 30848K, reserved 1048576K
}

